===================NODE =====================
12345678
1
4
8
8
5
--------
7
3
6
2
================== MAP =======================
4
1
8
5
3
2
3
iterator
11
22
33
44
55
88
reverse iterator
88
55
44
33
22
11
11
22
33
44
55
88
operator ->
10001000
erase by position and erase by key
1 - 1
2 - 2
3 - 3
4 - 4
5 - 5
8 - 8
---
1 - 1
4 - 4
5 - 5
8 - 8
4
1
8
5
3
2
3
1 - 1
4 - 4
5 - 5
8 - 8
11 - 1
12 - 2
13 - 3
14 - 4
15 - 5
18 - 8
-1--
delete 1
4 - 4
5 - 5
8 - 8
11 - 1
12 - 2
13 - 3
14 - 4
15 - 5
18 - 8
-2--
delete 4
5 - 5
8 - 8
11 - 1
12 - 2
13 - 3
14 - 4
15 - 5
18 - 8
-3--
delete 5
8 - 8
11 - 1
12 - 2
13 - 3
14 - 4
15 - 5
18 - 8
--4-
delete 8
11 - 1
12 - 2
13 - 3
14 - 4
15 - 5
18 - 8
-5--
delete 11
12 - 2
13 - 3
14 - 4
15 - 5
18 - 8
-6--
delete 12
13 - 3
14 - 4
15 - 5
18 - 8
--7-
delete 13
14 - 4
15 - 5
18 - 8
-8--
delete 14
15 - 5
18 - 8
--9-
18 - 8
-10--
erasing root
4
1
8
5
3
2
9
1 - 1
2 - 2
3 - 3
4 - 4
5 - 5
8 - 8
9 - 9
1 - 1
2 - 2
3 - 3
4 - 4
8 - 8
9 - 9
erase range
4
1
8
5
1 - 1
2 - 2
3 - 3
4 - 4
8 - 8
9 - 9
11 - 1
13 - 3
14 - 4
15 - 5
18 - 8
---
1 - 1
2 - 2
14 - 4
15 - 5
18 - 8
bounds
4
4
4
00
00
clear
swap
8
1
8
5
3
2
1 - 1
2 - 2
5 - 0
10 - 0
14 - 4
15 - 5
18 - 8
8 - 8
11 - 1
12 - 2
19 - 9
31 - 3
51 - 5
81 - 8
ok
8 - 8
11 - 1
12 - 2
19 - 9
31 - 3
51 - 5
81 - 8
1 - 1
2 - 2
5 - 0
10 - 0
14 - 4
15 - 5
18 - 8
operator=
Size of first: 0
Size of second: 3
